Arguments: 
  /Applications/Framer X Beta.app/Contents/Resources/Node/bin/node /Applications/Framer X Beta.app/Contents/Resources/Server/node_modules/yarn/bin/yarn.js outdated --cwd /Users/guilhermeschneider/Library/Autosave Information/Framer-45FE5D2F-26FD-46DA-A9AF-37085D3CF12C/container --skip-integrity-check --cache-folder /Users/guilhermeschneider/Library/Caches/Framer/yarn/cache --mutex file:/Users/guilhermeschneider/Library/Caches/Framer/yarn/mutex --json --ignore-scripts --link-folder /Users/guilhermeschneider/Library/Application Support/Framer X Beta/yarn-link-folder

PATH: 
  undefined

Yarn version: 
  1.15.2

Node version: 
  10.13.0

Platform: 
  darwin x64

Trace: 
  Error: getaddrinfo ENOTFOUND registry.yarnpkg.com registry.yarnpkg.com:443
      at GetAddrInfoReqWrap.onlookup [as oncomplete] (dns.js:57:26)

npm manifest: 
  {
  	"main": "dist/index.js",
  	"license": "MIT",
  	"devDependencies": {
  		"@types/react": "^16.4.16",
  		"framer": "^0.10"
  	},
  	"peerDependencies": {
  		"framer": "^0.10",
  		"react": "^16.3.0",
  		"react-dom": "^16.3.0"
  	},
  	"framer": {
  		"id": "e51f0f0a-394b-4e35-888e-71bbf37b05a1"
  	},
  	"author": "Guilherme Schneider"
  }

yarn manifest: 
  No manifest

Lockfile: 
  # THIS IS AN AUTOGENERATED FILE. DO NOT EDIT THIS FILE DIRECTLY.
  # yarn lockfile v1
  
  
  "@types/prop-types@*":
    version "15.5.6"
    resolved "https://registry.yarnpkg.com/@types/prop-types/-/prop-types-15.5.6.tgz#9c03d3fed70a8d517c191b7734da2879b50ca26c"
    integrity sha512-ZBFR7TROLVzCkswA3Fmqq+IIJt62/T7aY/Dmz+QkU7CaW2QFqAitCE8Ups7IzmGhcN1YWMBT4Qcoc07jU9hOJQ==
  
  "@types/react@^16.4.16":
    version "16.4.16"
    resolved "https://registry.yarnpkg.com/@types/react/-/react-16.4.16.tgz#99f91b1200ae8c2062030402006d3b3c3a177043"
    integrity sha512-lxyoipLWweAnLnSsV4Ho2NAZTKKmxeYgkTQ6PaDiPDU9JJBUY2zJVVGiK1smzYv8+ZgbqEmcm5xM74GCpunSEA==
    dependencies:
      "@types/prop-types" "*"
      csstype "^2.2.0"
  
  csstype@^2.2.0:
    version "2.5.5"
    resolved "https://registry.yarnpkg.com/csstype/-/csstype-2.5.5.tgz#4125484a3d42189a863943f23b9e4b80fedfa106"
    integrity sha512-EGMjeoiN3aqEX5u/cyH5mSdGBDGdLcCQvcEcBWNGFSPXKd9uOTIeVG91YQ22OxI44DKpvI+4C7VUSmEpsHWJaA==
  
  framer@^0.10:
    version "0.10.10"
    resolved "https://registry.yarnpkg.com/framer/-/framer-0.10.10.tgz#36bb2ae82d620944cf43adea295d6ec7000f7942"
    integrity sha512-9w0Y7p/2HsYQqtiaPgLqwiEFDBTwGwPbufJP8XRek5j/nojcFdm6995l/uBzbpddSgR3oFB1SKcGO2W64KHlzQ==
